make all --print-data-base --no-builtin-variables --no-builtin-rules --question
Makefile:16: *** missing separator.  Stop.
 
# GNU Make 4.3
# Built for x86_64-pc-linux-gnu
# Copyright (C) 1988-2020 Free Software Foundation, Inc.
# License GPLv3+: GNU GPL version 3 or later <http://gnu.org/licenses/gpl.html>
# This is free software: you are free to change and redistribute it.
# There is NO WARRANTY, to the extent permitted by law.

# Make data base, printed on Sat Jan 15 09:31:20 2022

# Variables

# environment
GRADLE_USER_HOME = /TOOLS/gradle
# environment
JAVA_HOME = /TOOLS/JDK/openjdk-14+36_linux-x64
# environment
GDK_BACKEND = x11
# environment
LC_ALL = C
# makefile (from 'Makefile', line 4)
SRC = ./src
# environment
GNOME_SHELL_SESSION_MODE = ubuntu
# environment
SSH_AGENT_LAUNCHER = gnome-keyring
# environment
GJS_DEBUG_OUTPUT = stderr
# environment
VSCODE_IPC_HOOK_EXTHOST = /run/user/1000/vscode-ipc-5bcc6f62-ae05-4de8-8275-acf816de96a9.sock
# environment
PUB_HOSTED_URL = https://pub.flutter-io.cn
# environment
LC_NAME = zh_CN.UTF-8
# environment
LC_NUMERIC = zh_CN.UTF-8
# environment
VSCODE_CWD = /home/i
# environment
WINDOWPATH = 2
# environment
NVM_DIR = /TOOLS/nvm
# environment
LC_ADDRESS = zh_CN.UTF-8
# default
MAKE_COMMAND := make
# environment
QT_ACCESSIBILITY = 1
# automatic
@D = $(patsubst %/,%,$(dir $@))
# environment
VSCODE_HANDLES_UNCAUGHT_ERRORS = true
# default
.VARIABLES := 
# environment
PWD = /ICESX/workSpaceC/IC/workspace_vsc/makefile
# automatic
%D = $(patsubst %/,%,$(dir $%))
# environment
HOSTNAME = extreme
# environment
XDG_DATA_DIRS = /usr/share/ubuntu-xorg:/usr/local/share:/usr/share:/var/lib/snapd/desktop
# automatic
^D = $(patsubst %/,%,$(dir $^))
# environment
VSCODE_LOG_STACK = false
# automatic
%F = $(notdir $%)
# environment
NVM_INC = /TOOLS/nvm/versions/node/v16.13.1/include/node
# environment
VSCODE_CODE_CACHE_PATH = /home/i/.config/Code/CachedData/899d46d82c4c95423fb7e10e68eba52050e30ba3
# environment
LANG = C
# environment
XAUTHORITY = /run/user/1000/gdm/Xauthority
# environment
ZIPINFO = -O CP936
# default
.LOADED := 
# default
.INCLUDE_DIRS = /usr/local/include /usr/include /usr/include
# makefile
MAKEFLAGS = pqrR
# makefile
CURDIR := /ICESX/workSpaceC/IC/workspace_vsc/makefile
# environment
VSCODE_PIPE_LOGGING = true
# environment
UNZIP = -O CP936
# environment
APPLICATION_INSIGHTS_NO_DIAGNOSTIC_CHANNEL = true
# environment
LESSOPEN = | /usr/bin/lesspipe %s
# automatic
*D = $(patsubst %/,%,$(dir $*))
# environment
MFLAGS = -pqrR
# environment
SSH_AUTH_SOCK = /run/user/1000/keyring/ssh
# default
.SHELLFLAGS := -c
# environment
NVM_BIN = /TOOLS/nvm/versions/node/v16.13.1/bin
# environment
HISTSIZE = 1000
# environment
XDG_CONFIG_DIRS = /etc/xdg/xdg-ubuntu-xorg:/etc/xdg
# automatic
+D = $(patsubst %/,%,$(dir $+))
# environment
IDF_TOOLS_PATH = /TOOLS/SDK/esp32/espressif
# environment
VSCODE_CRASH_REPORTER_START_OPTIONS = {"companyName":"Microsoft","productName":"VSCode","submitURL":"appcenter://code?aid=fba07a4d-84bd-4fc8-a125-9640fc8ce171&uid=e5cbab53-8116-435e-89f6-213ae4162b04&iid=e5cbab53-8116-435e-89f6-213ae4162b04&sid=e5cbab53-8116-435e-89f6-213ae4162b04","uploadToServer":true}
# environment
XDG_SESSION_DESKTOP = ubuntu-xorg
# makefile (from 'Makefile', line 1)
MAKEFILE_LIST := Makefile
# automatic
@F = $(notdir $@)
# environment
VSCODE_VERBOSE_LOGGING = true
# environment
VSCODE_PID = 4680
# environment
XDG_SESSION_TYPE = x11
# automatic
?D = $(patsubst %/,%,$(dir $?))
# environment
PYTHONUSERBASE = /TOOLS/PYTHON_PATH
# environment
SESSION_MANAGER = local/extreme:@/tmp/.ICE-unix/1683,unix/extreme:/tmp/.ICE-unix/1683
# automatic
*F = $(notdir $*)
# environment
CHROME_DESKTOP = code-url-handler.desktop
# environment
DBUS_SESSION_BUS_ADDRESS = unix:path=/run/user/1000/bus
# automatic
<D = $(patsubst %/,%,$(dir $<))
# environment
VSCODE_NLS_CONFIG = {"locale":"en-us","availableLanguages":{},"_languagePackSupport":true}
# environment
BREAKPAD_DUMP_LOCATION = /home/i/.config/Code/exthost Crash Reports
# environment
ANDROID_SDK_ROOT = /TOOLS/SDK/android-sdk-linux
# default
MAKE_HOST := x86_64-pc-linux-gnu
# environment
GNOME_DESKTOP_SESSION_ID = this-is-deprecated
# makefile
SHELL = /bin/sh
# default
MAKECMDGOALS := all
# environment
XMODIFIERS = @im=fcitx
# environment
GJS_DEBUG_TOPICS = JS ERROR;JS LOG
# environment
SHLVL = 0
# makefile (from 'Makefile', line 8)
ARGS = 101
# environment
MAKELEVEL := 0
# default
MAKE = $(MAKE_COMMAND)
# environment
PATH = /TOOLS/SDK/flutter_linux/bin:/TOOLS/SDK/android-sdk-linux/platform-tools::/TOOLS/PYTHON_PATH:/TOOLS/PYTHON_PATH/bin:/TOOLS/software/go/bin:/TOOLS/software/apache-maven-3.6.0/bin:/TOOLS/JDK/openjdk-14+36_linux-x64/bin:/TOOLS/nvm/versions/node/v16.13.1/bin:/TOOLS/SDK/flutter_linux/bin:/TOOLS/SDK/android-sdk-linux/platform-tools::/TOOLS/PYTHON_PATH/bin:/TOOLS/software/go/bin:/TOOLS/software/apache-maven-3.6.0/bin:/TOOLS/JDK/openjdk-14+36_linux-x64/bin:/usr/local/sbin:/usr/local/bin:/usr/sbin:/usr/bin:/sbin:/bin:/usr/games:/usr/local/games:/snap/bin
# environment
FLUTTERPATH = /TOOLS/SDK/flutter_linux
# default
MAKEFILES := 
# environment
LC_MONETARY = zh_CN.UTF-8
# automatic
^F = $(notdir $^)
# environment
LC_TIME = zh_CN.UTF-8
# environment
GOROOT = /TOOLS/software/go
# environment
INVOCATION_ID = 3bb08f3bd1e447f08f1e9a5ecbdd1075
# environment
VSCODE_LOG_NATIVE = false
# environment
USERNAME = i
# environment
LC_TELEPHONE = zh_CN.UTF-8
# environment
LESSCLOSE = /usr/bin/lesspipe %s %s
# automatic
?F = $(notdir $?)
# environment
GTK_IM_MODULE = fcitx
# environment
XDG_CURRENT_DESKTOP = Unity
# environment
LS_COLORS = 
# automatic
+F = $(notdir $+)
# environment
DESKTOP_SESSION = ubuntu-xorg
# environment
ORIGINAL_XDG_CURRENT_DESKTOP = ubuntu:GNOME
# environment
GNUMAKEFLAGS := 
# environment
CLUTTER_IM_MODULE = fcitx
# environment
LOGNAME = i
# environment
IDEA_JDK = /TOOLS/JDK/jbr-linux-x64
# environment
GIO_LAUNCHED_DESKTOP_FILE = /usr/share/applications/code.desktop
# makefile
.DEFAULT_GOAL := all
# environment
SYSTEMD_EXEC_PID = 1713
# makefile (from 'Makefile', line 9)
RM = rm -rf
# environment
DISPLAY = :1
# environment
USER = i
# environment
GTK_MODULES = gail:atk-bridge
# default
MAKE_VERSION := 4.3
# environment
MANAGERPID = 1477
# environment
LC_MEASUREMENT = zh_CN.UTF-8
# environment
GIO_LAUNCHED_DESKTOP_FILE_PID = 4680
# environment
PYTHONPATH = :/TOOLS/PYTHON_PATH:/TOOLS/PYTHON_PATH
# environment
_ = /usr/share/code/code
# environment
LC_PAPER = zh_CN.UTF-8
# environment
XDG_RUNTIME_DIR = /run/user/1000
# makefile (from 'Makefile', line 7)
CFLAGS = -o $(TARGET)/CoinFlipper.out
# environment
GPG_AGENT_INFO = /run/user/1000/gnupg/S.gpg-agent:0:1
# makefile (from 'Makefile', line 6)
GCC = g++
# environment
NVM_CD_FLAGS = 
# environment
JOURNAL_STREAM = 8:36224
# environment
XDG_SESSION_CLASS = user
# environment
VSCODE_AMD_ENTRYPOINT = vs/workbench/services/extensions/node/extensionHostProcess
# environment
FLUTTER_STORAGE_BASE_URL = https://storage.flutter-io.cn
# environment
HOME = /home/i
# environment
QT_IM_MODULE = fcitx
# environment
ELECTRON_RUN_AS_NODE = 1
# environment
VSCODE_IPC_HOOK = /run/user/1000/vscode-75ce2240-1.63.2-main.sock
# environment
IM_CONFIG_PHASE = 1
# environment
PUB_CACHE = /TOOLS/SDK/flutter_linux/.pub-cache
# default
.RECIPEPREFIX := 
# automatic
<F = $(notdir $<)
# default
SUFFIXES := 
# makefile (from 'Makefile', line 5)
TARGET = ./target
 
# default
.FEATURES := target-specific order-only second-expansion else-if shortest-stem undefine oneshell nocomment grouped-target extra-prereqs archives jobserver output-sync check-symlink load
# environment
XDG_MENU_PREFIX = gnome-
# environment
GDMSESSION = ubuntu-xorg
# environment
LC_IDENTIFICATION = zh_CN.UTF-8
# variable set hash-table stats:
# Load=137/1024=13%, Rehash=0, Collisions=13/155=8%

# Pattern-specific Variable Values

# No pattern-specific variable values.

# Directories

# . (device 66313, inode 14418475): 16 files, no impossibilities.

# 16 files, no impossibilities in 1 directories.

# Implicit Rules

# No implicit rules.

# Files

default: CoinFlipper.cpp
#  Implicit rule search has not been done.
#  Modification time never checked.
#  File has not been updated.

# Not a target:
Makefile:
#  Implicit rule search has not been done.
#  Modification time never checked.
#  File has not been updated.

# Not a target:
clean:
#  Implicit rule search has not been done.
#  Modification time never checked.
#  File has not been updated.

# Not a target:
.DEFAULT:
#  Implicit rule search has not been done.
#  Modification time never checked.
#  File has not been updated.

all: clean default test
#  Command line target.
#  Implicit rule search has not been done.
#  Modification time never checked.
#  File has not been updated.

# Not a target:
test:
#  Implicit rule search has not been done.
#  Modification time never checked.
#  File has not been updated.

CoinFlipper.cpp:
#  Implicit rule search has not been done.
#  Modification time never checked.
#  File has not been updated.

# files hash-table stats:
# Load=8/1024=1%, Rehash=0, Collisions=0/16=0%
# VPATH Search Paths

# No 'vpath' search paths.

# No general ('VPATH' variable) search path.

# strcache buffers: 1 (0) / strings = 25 / storage = 139 B / avg = 5 B
# current buf: size = 8162 B / used = 139 B / count = 25 / avg = 5 B

# strcache performance: lookups = 35 / hit rate = 28%
# hash-table stats:
# Load=25/8192=0%, Rehash=0, Collisions=0/35=0%
# Finished Make data base on Sat Jan 15 09:31:20 2022

 
